<?xml version="1.0" encoding="UTF-8"?>
<!-- Generated by org.testng.reporters.JUnitReportReporter -->
<testsuite hostname="Jitender" name="data_Driven.ClassA" tests="2" failures="0" timestamp="14 Oct 2018 09:57:22 GMT" time="0.015" errors="0">
  <testcase name="tc" time="0.013" classname="data_Driven.ClassA"/>
  <testcase name="tc" time="0.002" classname="data_Driven.ClassA"/>
</testsuite> <!-- data_Driven.ClassA -->
